<?xml version="1.0" encoding="UTF-8"?>
<!-- Generated by org.testng.reporters.JUnitReportReporter -->
<testsuite skipped="0" hostname="ATMECSINLT-404" name="com.testngfirstpackage.DemoBlazeAddToCartTest" tests="1" failures="0" timestamp="2020-09-18T18:21:23 IST" time="10.375" errors="0">
  <testcase name="addToCart" time="10.375" classname="com.testngfirstpackage.DemoBlazeAddToCartTest"/>
  <system-out/>
</testsuite> <!-- com.testngfirstpackage.DemoBlazeAddToCartTest -->
