<?xml version="1.0" encoding="UTF-8"?>
<!-- Generated by org.testng.reporters.JUnitReportReporter -->
<testsuite skipped="0" hostname="ATMECSINLT-404" name="com.testngfirstpackage.DemoBlazePlaceOrderTest" tests="1" failures="0" timestamp="2020-09-18T18:39:05 IST" time="9.083" errors="0">
  <testcase name="placeOrder" time="9.083" classname="com.testngfirstpackage.DemoBlazePlaceOrderTest"/>
  <system-out/>
</testsuite> <!-- com.testngfirstpackage.DemoBlazePlaceOrderTest -->
