<?xml version="1.0" encoding="UTF-8"?>
<!-- Generated by org.testng.reporters.JUnitReportReporter -->
<testsuite skipped="0" hostname="ATMECSINLT-404" name="TestngBasics1.ShoppingSignup" tests="6" failures="0" timestamp="2020-09-14T16:23:51 IST" time="15.432" errors="0">
  <testcase name="launchBrowser" time="6.163" classname="TestngBasics1.ShoppingSignup"/>
  <system-out/>
  <testcase name="login" time="0.664" classname="TestngBasics1.ShoppingSignup"/>
  <system-out/>
  <testcase name="contactUs" time="1.331" classname="TestngBasics1.ShoppingSignup"/>
  <system-out/>
  <testcase name="addToCart" time="3.292" classname="TestngBasics1.ShoppingSignup"/>
  <system-out/>
  <testcase name="placeOrder" time="3.410" classname="TestngBasics1.ShoppingSignup"/>
  <system-out/>
  <testcase name="closeBrowser" time="0.572" classname="TestngBasics1.ShoppingSignup"/>
  <system-out/>
</testsuite> <!-- TestngBasics1.ShoppingSignup -->
