<?xml version="1.0" encoding="UTF-8"?>
<!-- Generated by org.testng.reporters.JUnitReportReporter -->
<testsuite skipped="0" hostname="ATMECSINLT-404" name="TestngBasics1.HandlingSelect" tests="4" failures="0" timestamp="2020-09-16T16:09:57 IST" time="18.135" errors="0">
  <testcase name="launchBrowser" time="10.080" classname="TestngBasics1.HandlingSelect"/>
  <system-out/>
  <testcase name="register" time="0.849" classname="TestngBasics1.HandlingSelect"/>
  <system-out/>
  <testcase name="dropDowns" time="2.057" classname="TestngBasics1.HandlingSelect"/>
  <system-out/>
  <testcase name="handlingWindows" time="5.149" classname="TestngBasics1.HandlingSelect"/>
  <system-out/>
</testsuite> <!-- TestngBasics1.HandlingSelect -->
