<?xml version="1.0" encoding="UTF-8"?>
<!-- Generated by org.testng.reporters.JUnitReportReporter -->
<testsuite skipped="0" hostname="ATMECSINLT-404" name="TestngBasics1.AnnotationsTest" tests="2" failures="0" timestamp="2020-09-10T16:14:29 IST" time="0.011" errors="0">
  <testcase name="googletest" time="0.007" classname="TestngBasics1.AnnotationsTest"/>
  <system-out/>
  <testcase name="search" time="0.004" classname="TestngBasics1.AnnotationsTest"/>
  <system-out/>
</testsuite> <!-- TestngBasics1.AnnotationsTest -->
