<?xml version="1.0" encoding="UTF-8"?>
<!-- Generated by org.testng.reporters.JUnitReportReporter -->
<testsuite skipped="0" hostname="ATMECSINLT-404" name="TestngBasics1.Shopping" tests="1" failures="0" timestamp="2020-09-11T20:18:57 IST" time="7.053" errors="0">
  <testcase name="verifyTitle" time="7.053" classname="TestngBasics1.Shopping"/>
  <system-out/>
</testsuite> <!-- TestngBasics1.Shopping -->
