<?xml version="1.0" encoding="UTF-8"?>
<!-- Generated by org.testng.reporters.JUnitReportReporter -->
<testsuite skipped="0" hostname="ATMECSINLT-404" name="TestngBasics1.GoIbibo" tests="2" failures="0" timestamp="2020-09-17T15:45:39 IST" time="54.553" errors="0">
  <testcase name="login" time="44.809" classname="TestngBasics1.GoIbibo"/>
  <system-out/>
  <testcase name="book" time="9.744" classname="TestngBasics1.GoIbibo"/>
  <system-out/>
</testsuite> <!-- TestngBasics1.GoIbibo -->
