<?xml version="1.0" encoding="UTF-8"?>
<!-- Generated by org.testng.reporters.JUnitReportReporter -->
<testsuite skipped="0" hostname="ATMECSINLT-404" name="com.testngfirstpackage.DemoBlazeLoginTest1" tests="1" failures="0" timestamp="2020-09-18T18:08:08 IST" time="10.508" errors="0">
  <testcase name="login" time="10.508" classname="com.testngfirstpackage.DemoBlazeLoginTest1"/>
  <system-out/>
</testsuite> <!-- com.testngfirstpackage.DemoBlazeLoginTest1 -->
