<?xml version="1.0" encoding="UTF-8"?>
<!-- Generated by org.testng.reporters.JUnitReportReporter -->
<testsuite skipped="0" hostname="ATMECSINLT-404" name="com.testngfirstpackage.DemoBlazeContactusTest" tests="1" failures="0" timestamp="2020-09-18T18:58:28 IST" time="5.862" errors="0">
  <testcase name="contactUs" time="5.862" classname="com.testngfirstpackage.DemoBlazeContactusTest"/>
  <system-out/>
</testsuite> <!-- com.testngfirstpackage.DemoBlazeContactusTest -->
