<?xml version="1.0" encoding="UTF-8"?>
<!-- Generated by org.testng.reporters.JUnitReportReporter -->
<testsuite skipped="0" hostname="ATMECSINLT-404" name="TestngBasics1.ShoppingSignup" tests="6" failures="0" timestamp="2020-09-14T19:04:40 IST" time="22.238" errors="0">
  <testcase name="launchBrowser" time="9.595" classname="TestngBasics1.ShoppingSignup"/>
  <system-out/>
  <testcase name="login" time="2.780" classname="TestngBasics1.ShoppingSignup"/>
  <system-out/>
  <testcase name="contactUs" time="1.479" classname="TestngBasics1.ShoppingSignup"/>
  <system-out/>
  <testcase name="addToCart" time="5.026" classname="TestngBasics1.ShoppingSignup"/>
  <system-out/>
  <testcase name="placeOrder" time="1.193" classname="TestngBasics1.ShoppingSignup"/>
  <system-out/>
  <testcase name="closeBrowser" time="2.165" classname="TestngBasics1.ShoppingSignup"/>
  <system-out/>
</testsuite> <!-- TestngBasics1.ShoppingSignup -->
