<?xml version="1.0" encoding="UTF-8"?>
<!-- Generated by org.testng.reporters.JUnitReportReporter -->
<testsuite skipped="0" hostname="ATMECSINLT-404" name="TestngBasics1.GoogleTest" tests="1" failures="0" timestamp="2020-09-11T12:14:00 IST" time="20.706" errors="0">
  <testcase name="homepageTest" time="20.706" classname="TestngBasics1.GoogleTest"/>
  <system-out/>
</testsuite> <!-- TestngBasics1.GoogleTest -->
