<?xml version="1.0" encoding="UTF-8"?>
<!-- Generated by org.testng.reporters.JUnitReportReporter -->
<testsuite skipped="0" hostname="ATMECSINLT-404" name="TestngBasics1.ShoppingSignup" tests="6" failures="0" timestamp="2020-09-19T19:09:47 IST" time="19.377" errors="0">
  <testcase name="launchBrowser" time="6.868" classname="TestngBasics1.ShoppingSignup"/>
  <system-out/>
  <testcase name="login" time="2.661" classname="TestngBasics1.ShoppingSignup"/>
  <system-out/>
  <testcase name="contactUs" time="1.182" classname="TestngBasics1.ShoppingSignup"/>
  <system-out/>
  <testcase name="addToCart" time="4.851" classname="TestngBasics1.ShoppingSignup"/>
  <system-out/>
  <testcase name="placeOrder" time="3.471" classname="TestngBasics1.ShoppingSignup"/>
  <system-out/>
  <testcase name="closeBrowser" time="0.344" classname="TestngBasics1.ShoppingSignup"/>
  <system-out/>
</testsuite> <!-- TestngBasics1.ShoppingSignup -->
