<?xml version="1.0" encoding="UTF-8"?>
<!-- Generated by org.testng.reporters.JUnitReportReporter -->
<testsuite skipped="0" hostname="ATMECSINLT-404" name="TestngBasics1.ShoppingSignup" tests="3" failures="0" timestamp="2020-09-22T11:04:12 IST" time="17.000" errors="0">
  <testcase name="launchBrowser" time="12.249" classname="TestngBasics1.ShoppingSignup"/>
  <system-out/>
  <testcase name="contactUs" time="1.967" classname="TestngBasics1.ShoppingSignup"/>
  <system-out/>
  <testcase name="closeBrowser" time="2.784" classname="TestngBasics1.ShoppingSignup"/>
  <system-out/>
</testsuite> <!-- TestngBasics1.ShoppingSignup -->
