<?xml version="1.0" encoding="UTF-8"?>
<!-- Generated by org.testng.reporters.JUnitReportReporter -->
<testsuite skipped="0" hostname="ATMECSINLT-404" name="TestngBasics1.newChat" tests="1" failures="0" timestamp="2020-09-18T12:08:28 IST" time="14.485" errors="0">
  <testcase name="login" time="14.485" classname="TestngBasics1.newChat"/>
  <system-out/>
</testsuite> <!-- TestngBasics1.newChat -->
